<?xml version="1.0" encoding="UTF-8"?>
<coverage line-rate="0.169642857142857" branch-rate="0" lines-covered="76" lines-valid="448" branches-covered="0" branches-valid="0" complexity="0" version="3.6.1" timestamp="2023-03-08 09:49:46">
  <sources/>
  <packages>
    <package name="autoquarto" line-rate="0.169642857142857" branch-rate="0" complexity="0">
      <classes>
        <class name="helpers-publish.R" filename="R/helpers-publish.R" line-rate="0" branch-rate="0" complexity="0">
          <methods>
            <method name=".prepareToPublish" signature="" line-rate="0" branch-rate="0">
              <lines>
                <line number="9" hits="0" branch="false"/>
                <line number="10" hits="0" branch="false"/>
                <line number="11" hits="0" branch="false"/>
                <line number="13" hits="0" branch="false"/>
                <line number="14" hits="0" branch="false"/>
                <line number="15" hits="0" branch="false"/>
                <line number="16" hits="0" branch="false"/>
                <line number="17" hits="0" branch="false"/>
                <line number="18" hits="0" branch="false"/>
                <line number="19" hits="0" branch="false"/>
                <line number="20" hits="0" branch="false"/>
                <line number="21" hits="0" branch="false"/>
                <line number="22" hits="0" branch="false"/>
                <line number="23" hits="0" branch="false"/>
                <line number="25" hits="0" branch="false"/>
                <line number="26" hits="0" branch="false"/>
                <line number="27" hits="0" branch="false"/>
                <line number="28" hits="0" branch="false"/>
                <line number="30" hits="0" branch="false"/>
                <line number="32" hits="0" branch="false"/>
                <line number="33" hits="0" branch="false"/>
                <line number="34" hits="0" branch="false"/>
                <line number="35" hits="0" branch="false"/>
                <line number="37" hits="0" branch="false"/>
              </lines>
            </method>
            <method name=".processProjectYAML" signature="" line-rate="0" branch-rate="0">
              <lines>
                <line number="47" hits="0" branch="false"/>
                <line number="49" hits="0" branch="false"/>
                <line number="50" hits="0" branch="false"/>
                <line number="51" hits="0" branch="false"/>
                <line number="52" hits="0" branch="false"/>
                <line number="53" hits="0" branch="false"/>
                <line number="54" hits="0" branch="false"/>
                <line number="55" hits="0" branch="false"/>
                <line number="57" hits="0" branch="false"/>
                <line number="58" hits="0" branch="false"/>
                <line number="59" hits="0" branch="false"/>
                <line number="60" hits="0" branch="false"/>
                <line number="62" hits="0" branch="false"/>
                <line number="63" hits="0" branch="false"/>
                <line number="64" hits="0" branch="false"/>
                <line number="65" hits="0" branch="false"/>
                <line number="66" hits="0" branch="false"/>
                <line number="67" hits="0" branch="false"/>
                <line number="68" hits="0" branch="false"/>
                <line number="69" hits="0" branch="false"/>
                <line number="70" hits="0" branch="false"/>
              </lines>
            </method>
            <method name=".renderQuartoCompoundObject" signature="" line-rate="0" branch-rate="0">
              <lines>
                <line number="77" hits="0" branch="false"/>
                <line number="78" hits="0" branch="false"/>
                <line number="79" hits="0" branch="false"/>
              </lines>
            </method>
          </methods>
          <lines>
            <line number="9" hits="0" branch="false"/>
            <line number="10" hits="0" branch="false"/>
            <line number="11" hits="0" branch="false"/>
            <line number="13" hits="0" branch="false"/>
            <line number="14" hits="0" branch="false"/>
            <line number="15" hits="0" branch="false"/>
            <line number="16" hits="0" branch="false"/>
            <line number="17" hits="0" branch="false"/>
            <line number="18" hits="0" branch="false"/>
            <line number="19" hits="0" branch="false"/>
            <line number="20" hits="0" branch="false"/>
            <line number="21" hits="0" branch="false"/>
            <line number="22" hits="0" branch="false"/>
            <line number="23" hits="0" branch="false"/>
            <line number="25" hits="0" branch="false"/>
            <line number="26" hits="0" branch="false"/>
            <line number="27" hits="0" branch="false"/>
            <line number="28" hits="0" branch="false"/>
            <line number="30" hits="0" branch="false"/>
            <line number="32" hits="0" branch="false"/>
            <line number="33" hits="0" branch="false"/>
            <line number="34" hits="0" branch="false"/>
            <line number="35" hits="0" branch="false"/>
            <line number="37" hits="0" branch="false"/>
            <line number="47" hits="0" branch="false"/>
            <line number="49" hits="0" branch="false"/>
            <line number="50" hits="0" branch="false"/>
            <line number="51" hits="0" branch="false"/>
            <line number="52" hits="0" branch="false"/>
            <line number="53" hits="0" branch="false"/>
            <line number="54" hits="0" branch="false"/>
            <line number="55" hits="0" branch="false"/>
            <line number="57" hits="0" branch="false"/>
            <line number="58" hits="0" branch="false"/>
            <line number="59" hits="0" branch="false"/>
            <line number="60" hits="0" branch="false"/>
            <line number="62" hits="0" branch="false"/>
            <line number="63" hits="0" branch="false"/>
            <line number="64" hits="0" branch="false"/>
            <line number="65" hits="0" branch="false"/>
            <line number="66" hits="0" branch="false"/>
            <line number="67" hits="0" branch="false"/>
            <line number="68" hits="0" branch="false"/>
            <line number="69" hits="0" branch="false"/>
            <line number="70" hits="0" branch="false"/>
            <line number="77" hits="0" branch="false"/>
            <line number="78" hits="0" branch="false"/>
            <line number="79" hits="0" branch="false"/>
          </lines>
        </class>
        <class name="helpers.R" filename="R/helpers.R" line-rate="0.722222222222222" branch-rate="0" complexity="0">
          <methods>
            <method name="isQuartoObject" signature="" line-rate="0" branch-rate="0">
              <lines>
                <line number="7" hits="0" branch="false"/>
                <line number="8" hits="0" branch="false"/>
                <line number="9" hits="0" branch="false"/>
              </lines>
            </method>
            <method name="isQuartoBook" signature="" line-rate="0.8" branch-rate="0">
              <lines>
                <line number="22" hits="5" branch="false"/>
                <line number="23" hits="1" branch="false"/>
                <line number="24" hits="1" branch="false"/>
                <line number="26" hits="4" branch="false"/>
                <line number="27" hits="4" branch="false"/>
                <line number="28" hits="2" branch="false"/>
                <line number="29" hits="2" branch="false"/>
                <line number="30" hits="2" branch="false"/>
                <line number="31" hits="2" branch="false"/>
                <line number="33" hits="2" branch="false"/>
                <line number="34" hits="0" branch="false"/>
                <line number="35" hits="0" branch="false"/>
                <line number="37" hits="2" branch="false"/>
                <line number="38" hits="2" branch="false"/>
                <line number="39" hits="0" branch="false"/>
                <line number="40" hits="0" branch="false"/>
                <line number="42" hits="2" branch="false"/>
                <line number="43" hits="2" branch="false"/>
                <line number="44" hits="2" branch="false"/>
                <line number="45" hits="2" branch="false"/>
              </lines>
            </method>
            <method name="isQuartoWebsite" signature="" line-rate="0.75" branch-rate="0">
              <lines>
                <line number="58" hits="1" branch="false"/>
                <line number="59" hits="4" branch="false"/>
                <line number="60" hits="2" branch="false"/>
                <line number="61" hits="0" branch="false"/>
                <line number="62" hits="2" branch="false"/>
                <line number="63" hits="0" branch="false"/>
                <line number="64" hits="2" branch="false"/>
                <line number="65" hits="2" branch="false"/>
              </lines>
            </method>
            <method name="isQuartoDocument" signature="" line-rate="0.8" branch-rate="0">
              <lines>
                <line number="76" hits="1" branch="false"/>
                <line number="77" hits="4" branch="false"/>
                <line number="78" hits="3" branch="false"/>
                <line number="79" hits="0" branch="false"/>
                <line number="80" hits="1" branch="false"/>
              </lines>
            </method>
          </methods>
          <lines>
            <line number="7" hits="0" branch="false"/>
            <line number="8" hits="0" branch="false"/>
            <line number="9" hits="0" branch="false"/>
            <line number="22" hits="5" branch="false"/>
            <line number="23" hits="1" branch="false"/>
            <line number="24" hits="1" branch="false"/>
            <line number="26" hits="4" branch="false"/>
            <line number="27" hits="4" branch="false"/>
            <line number="28" hits="2" branch="false"/>
            <line number="29" hits="2" branch="false"/>
            <line number="30" hits="2" branch="false"/>
            <line number="31" hits="2" branch="false"/>
            <line number="33" hits="2" branch="false"/>
            <line number="34" hits="0" branch="false"/>
            <line number="35" hits="0" branch="false"/>
            <line number="37" hits="2" branch="false"/>
            <line number="38" hits="2" branch="false"/>
            <line number="39" hits="0" branch="false"/>
            <line number="40" hits="0" branch="false"/>
            <line number="42" hits="2" branch="false"/>
            <line number="43" hits="2" branch="false"/>
            <line number="44" hits="2" branch="false"/>
            <line number="45" hits="2" branch="false"/>
            <line number="58" hits="1" branch="false"/>
            <line number="59" hits="4" branch="false"/>
            <line number="60" hits="2" branch="false"/>
            <line number="61" hits="0" branch="false"/>
            <line number="62" hits="2" branch="false"/>
            <line number="63" hits="0" branch="false"/>
            <line number="64" hits="2" branch="false"/>
            <line number="65" hits="2" branch="false"/>
            <line number="76" hits="1" branch="false"/>
            <line number="77" hits="4" branch="false"/>
            <line number="78" hits="3" branch="false"/>
            <line number="79" hits="0" branch="false"/>
            <line number="80" hits="1" branch="false"/>
          </lines>
        </class>
        <class name="quartoobject-class.R" filename="R/quartoobject-class.R" line-rate="0.523809523809524" branch-rate="0" complexity="0">
          <methods>
            <method name="QuartoObject" signature="" line-rate="0.627118644067797" branch-rate="0">
              <lines>
                <line number="21" hits="0" branch="false"/>
                <line number="28" hits="19" branch="false"/>
                <line number="29" hits="19" branch="false"/>
                <line number="30" hits="19" branch="false"/>
                <line number="25" hits="8" branch="false"/>
                <line number="26" hits="7" branch="false"/>
                <line number="27" hits="6" branch="false"/>
                <line number="28" hits="1" branch="false"/>
                <line number="30" hits="5" branch="false"/>
                <line number="31" hits="2" branch="false"/>
                <line number="33" hits="3" branch="false"/>
                <line number="35" hits="3" branch="false"/>
                <line number="36" hits="3" branch="false"/>
                <line number="66" hits="1" branch="false"/>
                <line number="67" hits="6" branch="false"/>
                <line number="68" hits="5" branch="false"/>
                <line number="69" hits="4" branch="false"/>
                <line number="70" hits="1" branch="false"/>
                <line number="72" hits="3" branch="false"/>
                <line number="73" hits="1" branch="false"/>
                <line number="77" hits="5" branch="false"/>
                <line number="78" hits="1" branch="false"/>
                <line number="79" hits="0" branch="false"/>
                <line number="81" hits="4" branch="false"/>
                <line number="115" hits="0" branch="false"/>
                <line number="116" hits="0" branch="false"/>
                <line number="117" hits="0" branch="false"/>
                <line number="119" hits="0" branch="false"/>
                <line number="121" hits="0" branch="false"/>
                <line number="122" hits="0" branch="false"/>
                <line number="204" hits="12" branch="false"/>
                <line number="205" hits="11" branch="false"/>
                <line number="206" hits="10" branch="false"/>
                <line number="207" hits="10" branch="false"/>
                <line number="208" hits="9" branch="false"/>
                <line number="209" hits="8" branch="false"/>
                <line number="211" hits="8" branch="false"/>
                <line number="212" hits="6" branch="false"/>
                <line number="213" hits="13" branch="false"/>
                <line number="214" hits="6" branch="false"/>
                <line number="215" hits="7" branch="false"/>
                <line number="219" hits="2" branch="false"/>
                <line number="221" hits="0" branch="false"/>
                <line number="222" hits="8" branch="false"/>
                <line number="223" hits="8" branch="false"/>
                <line number="225" hits="7" branch="false"/>
                <line number="383" hits="0" branch="false"/>
                <line number="384" hits="0" branch="false"/>
                <line number="385" hits="0" branch="false"/>
                <line number="386" hits="0" branch="false"/>
                <line number="387" hits="0" branch="false"/>
                <line number="388" hits="0" branch="false"/>
                <line number="389" hits="0" branch="false"/>
                <line number="392" hits="0" branch="false"/>
                <line number="393" hits="0" branch="false"/>
                <line number="394" hits="0" branch="false"/>
                <line number="395" hits="0" branch="false"/>
                <line number="396" hits="0" branch="false"/>
                <line number="400" hits="0" branch="false"/>
              </lines>
            </method>
            <method name="QuartoCompoundObject" signature="" line-rate="0.121212121212121" branch-rate="0">
              <lines>
                <line number="66" hits="0" branch="false"/>
                <line number="73" hits="19" branch="false"/>
                <line number="74" hits="19" branch="false"/>
                <line number="75" hits="19" branch="false"/>
                <line number="76" hits="19" branch="false"/>
                <line number="276" hits="0" branch="false"/>
                <line number="278" hits="0" branch="false"/>
                <line number="279" hits="0" branch="false"/>
                <line number="280" hits="0" branch="false"/>
                <line number="282" hits="0" branch="false"/>
                <line number="283" hits="0" branch="false"/>
                <line number="284" hits="0" branch="false"/>
                <line number="285" hits="0" branch="false"/>
                <line number="286" hits="0" branch="false"/>
                <line number="287" hits="0" branch="false"/>
                <line number="288" hits="0" branch="false"/>
                <line number="289" hits="0" branch="false"/>
                <line number="290" hits="0" branch="false"/>
                <line number="291" hits="0" branch="false"/>
                <line number="292" hits="0" branch="false"/>
                <line number="293" hits="0" branch="false"/>
                <line number="294" hits="0" branch="false"/>
                <line number="295" hits="0" branch="false"/>
                <line number="296" hits="0" branch="false"/>
                <line number="297" hits="0" branch="false"/>
                <line number="298" hits="0" branch="false"/>
                <line number="299" hits="0" branch="false"/>
                <line number="300" hits="0" branch="false"/>
                <line number="301" hits="0" branch="false"/>
                <line number="302" hits="0" branch="false"/>
                <line number="303" hits="0" branch="false"/>
                <line number="304" hits="0" branch="false"/>
                <line number="307" hits="0" branch="false"/>
              </lines>
            </method>
            <method name="QuartoBook" signature="" line-rate="0" branch-rate="0">
              <lines>
                <line number="94" hits="0" branch="false"/>
                <line number="101" hits="0" branch="false"/>
                <line number="102" hits="0" branch="false"/>
                <line number="103" hits="0" branch="false"/>
              </lines>
            </method>
            <method name="QuartoWebsite" signature="" line-rate="0.266666666666667" branch-rate="0">
              <lines>
                <line number="121" hits="19" branch="false"/>
                <line number="128" hits="19" branch="false"/>
                <line number="129" hits="19" branch="false"/>
                <line number="130" hits="19" branch="false"/>
                <line number="151" hits="0" branch="false"/>
                <line number="152" hits="0" branch="false"/>
                <line number="153" hits="0" branch="false"/>
                <line number="154" hits="0" branch="false"/>
                <line number="155" hits="0" branch="false"/>
                <line number="157" hits="0" branch="false"/>
                <line number="158" hits="0" branch="false"/>
                <line number="162" hits="0" branch="false"/>
                <line number="163" hits="0" branch="false"/>
                <line number="164" hits="0" branch="false"/>
                <line number="166" hits="0" branch="false"/>
              </lines>
            </method>
            <method name="QuartoDocument" signature="" line-rate="0" branch-rate="0">
              <lines>
                <line number="155" hits="0" branch="false"/>
                <line number="162" hits="0" branch="false"/>
                <line number="163" hits="0" branch="false"/>
                <line number="164" hits="0" branch="false"/>
                <line number="347" hits="0" branch="false"/>
                <line number="349" hits="0" branch="false"/>
                <line number="350" hits="0" branch="false"/>
                <line number="351" hits="0" branch="false"/>
                <line number="352" hits="0" branch="false"/>
                <line number="353" hits="0" branch="false"/>
                <line number="354" hits="0" branch="false"/>
                <line number="355" hits="0" branch="false"/>
                <line number="356" hits="0" branch="false"/>
                <line number="357" hits="0" branch="false"/>
              </lines>
            </method>
          </methods>
          <lines>
            <line number="21" hits="0" branch="false"/>
            <line number="28" hits="19" branch="false"/>
            <line number="29" hits="19" branch="false"/>
            <line number="30" hits="19" branch="false"/>
            <line number="66" hits="0" branch="false"/>
            <line number="73" hits="19" branch="false"/>
            <line number="74" hits="19" branch="false"/>
            <line number="75" hits="19" branch="false"/>
            <line number="76" hits="19" branch="false"/>
            <line number="94" hits="0" branch="false"/>
            <line number="101" hits="0" branch="false"/>
            <line number="102" hits="0" branch="false"/>
            <line number="103" hits="0" branch="false"/>
            <line number="121" hits="19" branch="false"/>
            <line number="128" hits="19" branch="false"/>
            <line number="129" hits="19" branch="false"/>
            <line number="130" hits="19" branch="false"/>
            <line number="155" hits="0" branch="false"/>
            <line number="162" hits="0" branch="false"/>
            <line number="163" hits="0" branch="false"/>
            <line number="164" hits="0" branch="false"/>
          </lines>
        </class>
        <class name="quartoobject-methods.R" filename="R/quartoobject-methods.R" line-rate="0.333333333333333" branch-rate="0" complexity="0">
          <methods>
            <method name="addTemplatePath" signature="" line-rate="1" branch-rate="0">
              <lines>
                <line number="13" hits="8" branch="false"/>
              </lines>
            </method>
            <method name="QuartoObject" signature="" line-rate="0.627118644067797" branch-rate="0">
              <lines>
                <line number="21" hits="0" branch="false"/>
                <line number="28" hits="19" branch="false"/>
                <line number="29" hits="19" branch="false"/>
                <line number="30" hits="19" branch="false"/>
                <line number="25" hits="8" branch="false"/>
                <line number="26" hits="7" branch="false"/>
                <line number="27" hits="6" branch="false"/>
                <line number="28" hits="1" branch="false"/>
                <line number="30" hits="5" branch="false"/>
                <line number="31" hits="2" branch="false"/>
                <line number="33" hits="3" branch="false"/>
                <line number="35" hits="3" branch="false"/>
                <line number="36" hits="3" branch="false"/>
                <line number="66" hits="1" branch="false"/>
                <line number="67" hits="6" branch="false"/>
                <line number="68" hits="5" branch="false"/>
                <line number="69" hits="4" branch="false"/>
                <line number="70" hits="1" branch="false"/>
                <line number="72" hits="3" branch="false"/>
                <line number="73" hits="1" branch="false"/>
                <line number="77" hits="5" branch="false"/>
                <line number="78" hits="1" branch="false"/>
                <line number="79" hits="0" branch="false"/>
                <line number="81" hits="4" branch="false"/>
                <line number="115" hits="0" branch="false"/>
                <line number="116" hits="0" branch="false"/>
                <line number="117" hits="0" branch="false"/>
                <line number="119" hits="0" branch="false"/>
                <line number="121" hits="0" branch="false"/>
                <line number="122" hits="0" branch="false"/>
                <line number="204" hits="12" branch="false"/>
                <line number="205" hits="11" branch="false"/>
                <line number="206" hits="10" branch="false"/>
                <line number="207" hits="10" branch="false"/>
                <line number="208" hits="9" branch="false"/>
                <line number="209" hits="8" branch="false"/>
                <line number="211" hits="8" branch="false"/>
                <line number="212" hits="6" branch="false"/>
                <line number="213" hits="13" branch="false"/>
                <line number="214" hits="6" branch="false"/>
                <line number="215" hits="7" branch="false"/>
                <line number="219" hits="2" branch="false"/>
                <line number="221" hits="0" branch="false"/>
                <line number="222" hits="8" branch="false"/>
                <line number="223" hits="8" branch="false"/>
                <line number="225" hits="7" branch="false"/>
                <line number="383" hits="0" branch="false"/>
                <line number="384" hits="0" branch="false"/>
                <line number="385" hits="0" branch="false"/>
                <line number="386" hits="0" branch="false"/>
                <line number="387" hits="0" branch="false"/>
                <line number="388" hits="0" branch="false"/>
                <line number="389" hits="0" branch="false"/>
                <line number="392" hits="0" branch="false"/>
                <line number="393" hits="0" branch="false"/>
                <line number="394" hits="0" branch="false"/>
                <line number="395" hits="0" branch="false"/>
                <line number="396" hits="0" branch="false"/>
                <line number="400" hits="0" branch="false"/>
              </lines>
            </method>
            <method name="removeTemplatePath" signature="" line-rate="1" branch-rate="0">
              <lines>
                <line number="54" hits="7" branch="false"/>
              </lines>
            </method>
            <method name="addChapter" signature="" line-rate="0" branch-rate="0">
              <lines>
                <line number="103" hits="0" branch="false"/>
              </lines>
            </method>
            <method name="removeChapter" signature="" line-rate="0" branch-rate="0">
              <lines>
                <line number="139" hits="0" branch="false"/>
              </lines>
            </method>
            <method name="QuartoWebsite" signature="" line-rate="0.266666666666667" branch-rate="0">
              <lines>
                <line number="121" hits="19" branch="false"/>
                <line number="128" hits="19" branch="false"/>
                <line number="129" hits="19" branch="false"/>
                <line number="130" hits="19" branch="false"/>
                <line number="151" hits="0" branch="false"/>
                <line number="152" hits="0" branch="false"/>
                <line number="153" hits="0" branch="false"/>
                <line number="154" hits="0" branch="false"/>
                <line number="155" hits="0" branch="false"/>
                <line number="157" hits="0" branch="false"/>
                <line number="158" hits="0" branch="false"/>
                <line number="162" hits="0" branch="false"/>
                <line number="163" hits="0" branch="false"/>
                <line number="164" hits="0" branch="false"/>
                <line number="166" hits="0" branch="false"/>
              </lines>
            </method>
            <method name="locateTemplate" signature="" line-rate="1" branch-rate="0">
              <lines>
                <line number="187" hits="12" branch="false"/>
              </lines>
            </method>
            <method name="publish" signature="" line-rate="0" branch-rate="0">
              <lines>
                <line number="240" hits="0" branch="false"/>
              </lines>
            </method>
            <method name="QuartoCompoundObject" signature="" line-rate="0.121212121212121" branch-rate="0">
              <lines>
                <line number="66" hits="0" branch="false"/>
                <line number="73" hits="19" branch="false"/>
                <line number="74" hits="19" branch="false"/>
                <line number="75" hits="19" branch="false"/>
                <line number="76" hits="19" branch="false"/>
                <line number="276" hits="0" branch="false"/>
                <line number="278" hits="0" branch="false"/>
                <line number="279" hits="0" branch="false"/>
                <line number="280" hits="0" branch="false"/>
                <line number="282" hits="0" branch="false"/>
                <line number="283" hits="0" branch="false"/>
                <line number="284" hits="0" branch="false"/>
                <line number="285" hits="0" branch="false"/>
                <line number="286" hits="0" branch="false"/>
                <line number="287" hits="0" branch="false"/>
                <line number="288" hits="0" branch="false"/>
                <line number="289" hits="0" branch="false"/>
                <line number="290" hits="0" branch="false"/>
                <line number="291" hits="0" branch="false"/>
                <line number="292" hits="0" branch="false"/>
                <line number="293" hits="0" branch="false"/>
                <line number="294" hits="0" branch="false"/>
                <line number="295" hits="0" branch="false"/>
                <line number="296" hits="0" branch="false"/>
                <line number="297" hits="0" branch="false"/>
                <line number="298" hits="0" branch="false"/>
                <line number="299" hits="0" branch="false"/>
                <line number="300" hits="0" branch="false"/>
                <line number="301" hits="0" branch="false"/>
                <line number="302" hits="0" branch="false"/>
                <line number="303" hits="0" branch="false"/>
                <line number="304" hits="0" branch="false"/>
                <line number="307" hits="0" branch="false"/>
              </lines>
            </method>
            <method name="QuartoDocument" signature="" line-rate="0" branch-rate="0">
              <lines>
                <line number="155" hits="0" branch="false"/>
                <line number="162" hits="0" branch="false"/>
                <line number="163" hits="0" branch="false"/>
                <line number="164" hits="0" branch="false"/>
                <line number="347" hits="0" branch="false"/>
                <line number="349" hits="0" branch="false"/>
                <line number="350" hits="0" branch="false"/>
                <line number="351" hits="0" branch="false"/>
                <line number="352" hits="0" branch="false"/>
                <line number="353" hits="0" branch="false"/>
                <line number="354" hits="0" branch="false"/>
                <line number="355" hits="0" branch="false"/>
                <line number="356" hits="0" branch="false"/>
                <line number="357" hits="0" branch="false"/>
              </lines>
            </method>
            <method name="quartoYML" signature="" line-rate="0" branch-rate="0">
              <lines>
                <line number="371" hits="0" branch="false"/>
              </lines>
            </method>
          </methods>
          <lines>
            <line number="13" hits="8" branch="false"/>
            <line number="25" hits="8" branch="false"/>
            <line number="26" hits="7" branch="false"/>
            <line number="27" hits="6" branch="false"/>
            <line number="28" hits="1" branch="false"/>
            <line number="30" hits="5" branch="false"/>
            <line number="31" hits="2" branch="false"/>
            <line number="33" hits="3" branch="false"/>
            <line number="35" hits="3" branch="false"/>
            <line number="36" hits="3" branch="false"/>
            <line number="54" hits="7" branch="false"/>
            <line number="66" hits="1" branch="false"/>
            <line number="67" hits="6" branch="false"/>
            <line number="68" hits="5" branch="false"/>
            <line number="69" hits="4" branch="false"/>
            <line number="70" hits="1" branch="false"/>
            <line number="72" hits="3" branch="false"/>
            <line number="73" hits="1" branch="false"/>
            <line number="77" hits="5" branch="false"/>
            <line number="78" hits="1" branch="false"/>
            <line number="79" hits="0" branch="false"/>
            <line number="81" hits="4" branch="false"/>
            <line number="103" hits="0" branch="false"/>
            <line number="115" hits="0" branch="false"/>
            <line number="116" hits="0" branch="false"/>
            <line number="117" hits="0" branch="false"/>
            <line number="119" hits="0" branch="false"/>
            <line number="121" hits="0" branch="false"/>
            <line number="122" hits="0" branch="false"/>
            <line number="139" hits="0" branch="false"/>
            <line number="151" hits="0" branch="false"/>
            <line number="152" hits="0" branch="false"/>
            <line number="153" hits="0" branch="false"/>
            <line number="154" hits="0" branch="false"/>
            <line number="155" hits="0" branch="false"/>
            <line number="157" hits="0" branch="false"/>
            <line number="158" hits="0" branch="false"/>
            <line number="162" hits="0" branch="false"/>
            <line number="163" hits="0" branch="false"/>
            <line number="164" hits="0" branch="false"/>
            <line number="166" hits="0" branch="false"/>
            <line number="187" hits="12" branch="false"/>
            <line number="204" hits="12" branch="false"/>
            <line number="205" hits="11" branch="false"/>
            <line number="206" hits="10" branch="false"/>
            <line number="207" hits="10" branch="false"/>
            <line number="208" hits="9" branch="false"/>
            <line number="209" hits="8" branch="false"/>
            <line number="211" hits="8" branch="false"/>
            <line number="212" hits="6" branch="false"/>
            <line number="213" hits="13" branch="false"/>
            <line number="214" hits="6" branch="false"/>
            <line number="215" hits="7" branch="false"/>
            <line number="219" hits="2" branch="false"/>
            <line number="221" hits="0" branch="false"/>
            <line number="222" hits="8" branch="false"/>
            <line number="223" hits="8" branch="false"/>
            <line number="225" hits="7" branch="false"/>
            <line number="240" hits="0" branch="false"/>
            <line number="276" hits="0" branch="false"/>
            <line number="278" hits="0" branch="false"/>
            <line number="279" hits="0" branch="false"/>
            <line number="280" hits="0" branch="false"/>
            <line number="282" hits="0" branch="false"/>
            <line number="283" hits="0" branch="false"/>
            <line number="284" hits="0" branch="false"/>
            <line number="285" hits="0" branch="false"/>
            <line number="286" hits="0" branch="false"/>
            <line number="287" hits="0" branch="false"/>
            <line number="288" hits="0" branch="false"/>
            <line number="289" hits="0" branch="false"/>
            <line number="290" hits="0" branch="false"/>
            <line number="291" hits="0" branch="false"/>
            <line number="292" hits="0" branch="false"/>
            <line number="293" hits="0" branch="false"/>
            <line number="294" hits="0" branch="false"/>
            <line number="295" hits="0" branch="false"/>
            <line number="296" hits="0" branch="false"/>
            <line number="297" hits="0" branch="false"/>
            <line number="298" hits="0" branch="false"/>
            <line number="299" hits="0" branch="false"/>
            <line number="300" hits="0" branch="false"/>
            <line number="301" hits="0" branch="false"/>
            <line number="302" hits="0" branch="false"/>
            <line number="303" hits="0" branch="false"/>
            <line number="304" hits="0" branch="false"/>
            <line number="307" hits="0" branch="false"/>
            <line number="347" hits="0" branch="false"/>
            <line number="349" hits="0" branch="false"/>
            <line number="350" hits="0" branch="false"/>
            <line number="351" hits="0" branch="false"/>
            <line number="352" hits="0" branch="false"/>
            <line number="353" hits="0" branch="false"/>
            <line number="354" hits="0" branch="false"/>
            <line number="355" hits="0" branch="false"/>
            <line number="356" hits="0" branch="false"/>
            <line number="357" hits="0" branch="false"/>
            <line number="371" hits="0" branch="false"/>
            <line number="383" hits="0" branch="false"/>
            <line number="384" hits="0" branch="false"/>
            <line number="385" hits="0" branch="false"/>
            <line number="386" hits="0" branch="false"/>
            <line number="387" hits="0" branch="false"/>
            <line number="388" hits="0" branch="false"/>
            <line number="389" hits="0" branch="false"/>
            <line number="392" hits="0" branch="false"/>
            <line number="393" hits="0" branch="false"/>
            <line number="394" hits="0" branch="false"/>
            <line number="395" hits="0" branch="false"/>
            <line number="396" hits="0" branch="false"/>
            <line number="400" hits="0" branch="false"/>
          </lines>
        </class>
        <class name="shiny.R" filename="R/shiny.R" line-rate="0" branch-rate="0" complexity="0">
          <methods>
            <method name="askForParams" signature="" line-rate="0" branch-rate="0">
              <lines>
                <line number="19" hits="0" branch="false"/>
                <line number="20" hits="0" branch="false"/>
                <line number="21" hits="0" branch="false"/>
                <line number="24" hits="0" branch="false"/>
                <line number="25" hits="0" branch="false"/>
                <line number="26" hits="0" branch="false"/>
              </lines>
            </method>
            <method name="parameterEditorPanelUI" signature="" line-rate="0" branch-rate="0">
              <lines>
                <line number="36" hits="0" branch="false"/>
                <line number="38" hits="0" branch="false"/>
                <line number="39" hits="0" branch="false"/>
                <line number="40" hits="0" branch="false"/>
                <line number="41" hits="0" branch="false"/>
                <line number="42" hits="0" branch="false"/>
              </lines>
            </method>
            <method name="parameterEditorPanelServer" signature="" line-rate="0" branch-rate="0">
              <lines>
                <line number="52" hits="0" branch="false"/>
                <line number="53" hits="0" branch="false"/>
                <line number="54" hits="0" branch="false"/>
                <line number="55" hits="0" branch="false"/>
                <line number="56" hits="0" branch="false"/>
                <line number="58" hits="0" branch="false"/>
                <line number="59" hits="0" branch="false"/>
                <line number="60" hits="0" branch="false"/>
                <line number="61" hits="0" branch="false"/>
                <line number="62" hits="0" branch="false"/>
                <line number="64" hits="0" branch="false"/>
                <line number="65" hits="0" branch="false"/>
                <line number="66" hits="0" branch="false"/>
                <line number="67" hits="0" branch="false"/>
                <line number="68" hits="0" branch="false"/>
                <line number="69" hits="0" branch="false"/>
                <line number="70" hits="0" branch="false"/>
                <line number="72" hits="0" branch="false"/>
                <line number="73" hits="0" branch="false"/>
                <line number="74" hits="0" branch="false"/>
                <line number="75" hits="0" branch="false"/>
                <line number="76" hits="0" branch="false"/>
                <line number="77" hits="0" branch="false"/>
                <line number="78" hits="0" branch="false"/>
                <line number="79" hits="0" branch="false"/>
                <line number="80" hits="0" branch="false"/>
                <line number="81" hits="0" branch="false"/>
                <line number="82" hits="0" branch="false"/>
                <line number="83" hits="0" branch="false"/>
                <line number="84" hits="0" branch="false"/>
                <line number="85" hits="0" branch="false"/>
                <line number="86" hits="0" branch="false"/>
                <line number="87" hits="0" branch="false"/>
                <line number="89" hits="0" branch="false"/>
                <line number="90" hits="0" branch="false"/>
                <line number="91" hits="0" branch="false"/>
                <line number="92" hits="0" branch="false"/>
                <line number="93" hits="0" branch="false"/>
                <line number="94" hits="0" branch="false"/>
                <line number="95" hits="0" branch="false"/>
                <line number="96" hits="0" branch="false"/>
                <line number="97" hits="0" branch="false"/>
                <line number="98" hits="0" branch="false"/>
                <line number="99" hits="0" branch="false"/>
                <line number="100" hits="0" branch="false"/>
                <line number="102" hits="0" branch="false"/>
                <line number="103" hits="0" branch="false"/>
                <line number="105" hits="0" branch="false"/>
                <line number="106" hits="0" branch="false"/>
                <line number="107" hits="0" branch="false"/>
                <line number="108" hits="0" branch="false"/>
                <line number="109" hits="0" branch="false"/>
                <line number="110" hits="0" branch="false"/>
                <line number="111" hits="0" branch="false"/>
                <line number="112" hits="0" branch="false"/>
                <line number="113" hits="0" branch="false"/>
                <line number="114" hits="0" branch="false"/>
                <line number="115" hits="0" branch="false"/>
                <line number="116" hits="0" branch="false"/>
                <line number="117" hits="0" branch="false"/>
                <line number="118" hits="0" branch="false"/>
                <line number="119" hits="0" branch="false"/>
                <line number="120" hits="0" branch="false"/>
                <line number="121" hits="0" branch="false"/>
                <line number="122" hits="0" branch="false"/>
                <line number="123" hits="0" branch="false"/>
                <line number="124" hits="0" branch="false"/>
                <line number="126" hits="0" branch="false"/>
                <line number="127" hits="0" branch="false"/>
                <line number="128" hits="0" branch="false"/>
                <line number="129" hits="0" branch="false"/>
                <line number="130" hits="0" branch="false"/>
                <line number="131" hits="0" branch="false"/>
                <line number="132" hits="0" branch="false"/>
                <line number="133" hits="0" branch="false"/>
                <line number="134" hits="0" branch="false"/>
                <line number="135" hits="0" branch="false"/>
                <line number="136" hits="0" branch="false"/>
                <line number="137" hits="0" branch="false"/>
                <line number="138" hits="0" branch="false"/>
                <line number="139" hits="0" branch="false"/>
                <line number="140" hits="0" branch="false"/>
                <line number="141" hits="0" branch="false"/>
                <line number="143" hits="0" branch="false"/>
                <line number="144" hits="0" branch="false"/>
                <line number="145" hits="0" branch="false"/>
                <line number="146" hits="0" branch="false"/>
                <line number="147" hits="0" branch="false"/>
                <line number="148" hits="0" branch="false"/>
                <line number="149" hits="0" branch="false"/>
                <line number="151" hits="0" branch="false"/>
                <line number="152" hits="0" branch="false"/>
                <line number="154" hits="0" branch="false"/>
                <line number="156" hits="0" branch="false"/>
                <line number="157" hits="0" branch="false"/>
                <line number="158" hits="0" branch="false"/>
                <line number="159" hits="0" branch="false"/>
                <line number="160" hits="0" branch="false"/>
                <line number="161" hits="0" branch="false"/>
                <line number="162" hits="0" branch="false"/>
                <line number="163" hits="0" branch="false"/>
                <line number="164" hits="0" branch="false"/>
                <line number="165" hits="0" branch="false"/>
                <line number="166" hits="0" branch="false"/>
                <line number="167" hits="0" branch="false"/>
                <line number="168" hits="0" branch="false"/>
                <line number="169" hits="0" branch="false"/>
                <line number="170" hits="0" branch="false"/>
                <line number="171" hits="0" branch="false"/>
                <line number="172" hits="0" branch="false"/>
                <line number="173" hits="0" branch="false"/>
                <line number="174" hits="0" branch="false"/>
                <line number="175" hits="0" branch="false"/>
                <line number="176" hits="0" branch="false"/>
                <line number="177" hits="0" branch="false"/>
                <line number="178" hits="0" branch="false"/>
                <line number="181" hits="0" branch="false"/>
                <line number="183" hits="0" branch="false"/>
                <line number="184" hits="0" branch="false"/>
                <line number="185" hits="0" branch="false"/>
                <line number="186" hits="0" branch="false"/>
                <line number="187" hits="0" branch="false"/>
                <line number="188" hits="0" branch="false"/>
                <line number="189" hits="0" branch="false"/>
                <line number="191" hits="0" branch="false"/>
                <line number="192" hits="0" branch="false"/>
                <line number="193" hits="0" branch="false"/>
                <line number="195" hits="0" branch="false"/>
                <line number="196" hits="0" branch="false"/>
                <line number="197" hits="0" branch="false"/>
                <line number="198" hits="0" branch="false"/>
                <line number="199" hits="0" branch="false"/>
                <line number="200" hits="0" branch="false"/>
                <line number="202" hits="0" branch="false"/>
                <line number="203" hits="0" branch="false"/>
                <line number="204" hits="0" branch="false"/>
              </lines>
            </method>
          </methods>
          <lines>
            <line number="19" hits="0" branch="false"/>
            <line number="20" hits="0" branch="false"/>
            <line number="21" hits="0" branch="false"/>
            <line number="24" hits="0" branch="false"/>
            <line number="25" hits="0" branch="false"/>
            <line number="26" hits="0" branch="false"/>
            <line number="36" hits="0" branch="false"/>
            <line number="38" hits="0" branch="false"/>
            <line number="39" hits="0" branch="false"/>
            <line number="40" hits="0" branch="false"/>
            <line number="41" hits="0" branch="false"/>
            <line number="42" hits="0" branch="false"/>
            <line number="52" hits="0" branch="false"/>
            <line number="53" hits="0" branch="false"/>
            <line number="54" hits="0" branch="false"/>
            <line number="55" hits="0" branch="false"/>
            <line number="56" hits="0" branch="false"/>
            <line number="58" hits="0" branch="false"/>
            <line number="59" hits="0" branch="false"/>
            <line number="60" hits="0" branch="false"/>
            <line number="61" hits="0" branch="false"/>
            <line number="62" hits="0" branch="false"/>
            <line number="64" hits="0" branch="false"/>
            <line number="65" hits="0" branch="false"/>
            <line number="66" hits="0" branch="false"/>
            <line number="67" hits="0" branch="false"/>
            <line number="68" hits="0" branch="false"/>
            <line number="69" hits="0" branch="false"/>
            <line number="70" hits="0" branch="false"/>
            <line number="72" hits="0" branch="false"/>
            <line number="73" hits="0" branch="false"/>
            <line number="74" hits="0" branch="false"/>
            <line number="75" hits="0" branch="false"/>
            <line number="76" hits="0" branch="false"/>
            <line number="77" hits="0" branch="false"/>
            <line number="78" hits="0" branch="false"/>
            <line number="79" hits="0" branch="false"/>
            <line number="80" hits="0" branch="false"/>
            <line number="81" hits="0" branch="false"/>
            <line number="82" hits="0" branch="false"/>
            <line number="83" hits="0" branch="false"/>
            <line number="84" hits="0" branch="false"/>
            <line number="85" hits="0" branch="false"/>
            <line number="86" hits="0" branch="false"/>
            <line number="87" hits="0" branch="false"/>
            <line number="89" hits="0" branch="false"/>
            <line number="90" hits="0" branch="false"/>
            <line number="91" hits="0" branch="false"/>
            <line number="92" hits="0" branch="false"/>
            <line number="93" hits="0" branch="false"/>
            <line number="94" hits="0" branch="false"/>
            <line number="95" hits="0" branch="false"/>
            <line number="96" hits="0" branch="false"/>
            <line number="97" hits="0" branch="false"/>
            <line number="98" hits="0" branch="false"/>
            <line number="99" hits="0" branch="false"/>
            <line number="100" hits="0" branch="false"/>
            <line number="102" hits="0" branch="false"/>
            <line number="103" hits="0" branch="false"/>
            <line number="105" hits="0" branch="false"/>
            <line number="106" hits="0" branch="false"/>
            <line number="107" hits="0" branch="false"/>
            <line number="108" hits="0" branch="false"/>
            <line number="109" hits="0" branch="false"/>
            <line number="110" hits="0" branch="false"/>
            <line number="111" hits="0" branch="false"/>
            <line number="112" hits="0" branch="false"/>
            <line number="113" hits="0" branch="false"/>
            <line number="114" hits="0" branch="false"/>
            <line number="115" hits="0" branch="false"/>
            <line number="116" hits="0" branch="false"/>
            <line number="117" hits="0" branch="false"/>
            <line number="118" hits="0" branch="false"/>
            <line number="119" hits="0" branch="false"/>
            <line number="120" hits="0" branch="false"/>
            <line number="121" hits="0" branch="false"/>
            <line number="122" hits="0" branch="false"/>
            <line number="123" hits="0" branch="false"/>
            <line number="124" hits="0" branch="false"/>
            <line number="126" hits="0" branch="false"/>
            <line number="127" hits="0" branch="false"/>
            <line number="128" hits="0" branch="false"/>
            <line number="129" hits="0" branch="false"/>
            <line number="130" hits="0" branch="false"/>
            <line number="131" hits="0" branch="false"/>
            <line number="132" hits="0" branch="false"/>
            <line number="133" hits="0" branch="false"/>
            <line number="134" hits="0" branch="false"/>
            <line number="135" hits="0" branch="false"/>
            <line number="136" hits="0" branch="false"/>
            <line number="137" hits="0" branch="false"/>
            <line number="138" hits="0" branch="false"/>
            <line number="139" hits="0" branch="false"/>
            <line number="140" hits="0" branch="false"/>
            <line number="141" hits="0" branch="false"/>
            <line number="143" hits="0" branch="false"/>
            <line number="144" hits="0" branch="false"/>
            <line number="145" hits="0" branch="false"/>
            <line number="146" hits="0" branch="false"/>
            <line number="147" hits="0" branch="false"/>
            <line number="148" hits="0" branch="false"/>
            <line number="149" hits="0" branch="false"/>
            <line number="151" hits="0" branch="false"/>
            <line number="152" hits="0" branch="false"/>
            <line number="154" hits="0" branch="false"/>
            <line number="156" hits="0" branch="false"/>
            <line number="157" hits="0" branch="false"/>
            <line number="158" hits="0" branch="false"/>
            <line number="159" hits="0" branch="false"/>
            <line number="160" hits="0" branch="false"/>
            <line number="161" hits="0" branch="false"/>
            <line number="162" hits="0" branch="false"/>
            <line number="163" hits="0" branch="false"/>
            <line number="164" hits="0" branch="false"/>
            <line number="165" hits="0" branch="false"/>
            <line number="166" hits="0" branch="false"/>
            <line number="167" hits="0" branch="false"/>
            <line number="168" hits="0" branch="false"/>
            <line number="169" hits="0" branch="false"/>
            <line number="170" hits="0" branch="false"/>
            <line number="171" hits="0" branch="false"/>
            <line number="172" hits="0" branch="false"/>
            <line number="173" hits="0" branch="false"/>
            <line number="174" hits="0" branch="false"/>
            <line number="175" hits="0" branch="false"/>
            <line number="176" hits="0" branch="false"/>
            <line number="177" hits="0" branch="false"/>
            <line number="178" hits="0" branch="false"/>
            <line number="181" hits="0" branch="false"/>
            <line number="183" hits="0" branch="false"/>
            <line number="184" hits="0" branch="false"/>
            <line number="185" hits="0" branch="false"/>
            <line number="186" hits="0" branch="false"/>
            <line number="187" hits="0" branch="false"/>
            <line number="188" hits="0" branch="false"/>
            <line number="189" hits="0" branch="false"/>
            <line number="191" hits="0" branch="false"/>
            <line number="192" hits="0" branch="false"/>
            <line number="193" hits="0" branch="false"/>
            <line number="195" hits="0" branch="false"/>
            <line number="196" hits="0" branch="false"/>
            <line number="197" hits="0" branch="false"/>
            <line number="198" hits="0" branch="false"/>
            <line number="199" hits="0" branch="false"/>
            <line number="200" hits="0" branch="false"/>
            <line number="202" hits="0" branch="false"/>
            <line number="203" hits="0" branch="false"/>
            <line number="204" hits="0" branch="false"/>
          </lines>
        </class>
        <class name="ymlthis.R" filename="R/ymlthis.R" line-rate="0.0238095238095238" branch-rate="0" complexity="0">
          <methods>
            <method name="yml_project" signature="" line-rate="0" branch-rate="0">
              <lines>
                <line number="10" hits="0" branch="false"/>
                <line number="11" hits="0" branch="false"/>
              </lines>
            </method>
            <method name="yml_book" signature="" line-rate="1" branch-rate="0">
              <lines>
                <line number="35" hits="3" branch="false"/>
                <line number="36" hits="2" branch="false"/>
              </lines>
            </method>
            <method name="parameterTibbleToYAML" signature="" line-rate="0" branch-rate="0">
              <lines>
                <line number="47" hits="0" branch="false"/>
                <line number="48" hits="0" branch="false"/>
                <line number="49" hits="0" branch="false"/>
                <line number="50" hits="0" branch="false"/>
                <line number="51" hits="0" branch="false"/>
                <line number="52" hits="0" branch="false"/>
                <line number="53" hits="0" branch="false"/>
                <line number="54" hits="0" branch="false"/>
                <line number="55" hits="0" branch="false"/>
                <line number="56" hits="0" branch="false"/>
                <line number="57" hits="0" branch="false"/>
                <line number="58" hits="0" branch="false"/>
                <line number="59" hits="0" branch="false"/>
                <line number="60" hits="0" branch="false"/>
                <line number="61" hits="0" branch="false"/>
                <line number="62" hits="0" branch="false"/>
                <line number="63" hits="0" branch="false"/>
                <line number="64" hits="0" branch="false"/>
                <line number="65" hits="0" branch="false"/>
                <line number="66" hits="0" branch="false"/>
                <line number="67" hits="0" branch="false"/>
                <line number="68" hits="0" branch="false"/>
                <line number="69" hits="0" branch="false"/>
                <line number="70" hits="0" branch="false"/>
                <line number="71" hits="0" branch="false"/>
                <line number="72" hits="0" branch="false"/>
                <line number="73" hits="0" branch="false"/>
                <line number="74" hits="0" branch="false"/>
                <line number="75" hits="0" branch="false"/>
                <line number="76" hits="0" branch="false"/>
                <line number="77" hits="0" branch="false"/>
                <line number="78" hits="0" branch="false"/>
                <line number="79" hits="0" branch="false"/>
                <line number="80" hits="0" branch="false"/>
                <line number="81" hits="0" branch="false"/>
              </lines>
            </method>
            <method name="readYamlFrontMatter" signature="" line-rate="0" branch-rate="0">
              <lines>
                <line number="98" hits="0" branch="false"/>
                <line number="99" hits="0" branch="false"/>
                <line number="100" hits="0" branch="false"/>
                <line number="104" hits="0" branch="false"/>
                <line number="105" hits="0" branch="false"/>
                <line number="106" hits="0" branch="false"/>
                <line number="108" hits="0" branch="false"/>
                <line number="109" hits="0" branch="false"/>
                <line number="113" hits="0" branch="false"/>
                <line number="114" hits="0" branch="false"/>
                <line number="115" hits="0" branch="false"/>
              </lines>
            </method>
            <method name="replaceYamlParams" signature="" line-rate="0" branch-rate="0">
              <lines>
                <line number="132" hits="0" branch="false"/>
                <line number="133" hits="0" branch="false"/>
                <line number="134" hits="0" branch="false"/>
                <line number="135" hits="0" branch="false"/>
                <line number="137" hits="0" branch="false"/>
                <line number="140" hits="0" branch="false"/>
                <line number="141" hits="0" branch="false"/>
                <line number="142" hits="0" branch="false"/>
                <line number="144" hits="0" branch="false"/>
                <line number="148" hits="0" branch="false"/>
                <line number="149" hits="0" branch="false"/>
                <line number="150" hits="0" branch="false"/>
                <line number="152" hits="0" branch="false"/>
                <line number="153" hits="0" branch="false"/>
                <line number="154" hits="0" branch="false"/>
                <line number="155" hits="0" branch="false"/>
                <line number="156" hits="0" branch="false"/>
                <line number="157" hits="0" branch="false"/>
                <line number="158" hits="0" branch="false"/>
                <line number="159" hits="0" branch="false"/>
                <line number="160" hits="0" branch="false"/>
                <line number="161" hits="0" branch="false"/>
                <line number="162" hits="0" branch="false"/>
                <line number="164" hits="0" branch="false"/>
                <line number="165" hits="0" branch="false"/>
                <line number="166" hits="0" branch="false"/>
                <line number="167" hits="0" branch="false"/>
                <line number="168" hits="0" branch="false"/>
                <line number="169" hits="0" branch="false"/>
                <line number="170" hits="0" branch="false"/>
                <line number="171" hits="0" branch="false"/>
                <line number="172" hits="0" branch="false"/>
                <line number="173" hits="0" branch="false"/>
                <line number="174" hits="0" branch="false"/>
              </lines>
            </method>
          </methods>
          <lines>
            <line number="10" hits="0" branch="false"/>
            <line number="11" hits="0" branch="false"/>
            <line number="35" hits="3" branch="false"/>
            <line number="36" hits="2" branch="false"/>
            <line number="47" hits="0" branch="false"/>
            <line number="48" hits="0" branch="false"/>
            <line number="49" hits="0" branch="false"/>
            <line number="50" hits="0" branch="false"/>
            <line number="51" hits="0" branch="false"/>
            <line number="52" hits="0" branch="false"/>
            <line number="53" hits="0" branch="false"/>
            <line number="54" hits="0" branch="false"/>
            <line number="55" hits="0" branch="false"/>
            <line number="56" hits="0" branch="false"/>
            <line number="57" hits="0" branch="false"/>
            <line number="58" hits="0" branch="false"/>
            <line number="59" hits="0" branch="false"/>
            <line number="60" hits="0" branch="false"/>
            <line number="61" hits="0" branch="false"/>
            <line number="62" hits="0" branch="false"/>
            <line number="63" hits="0" branch="false"/>
            <line number="64" hits="0" branch="false"/>
            <line number="65" hits="0" branch="false"/>
            <line number="66" hits="0" branch="false"/>
            <line number="67" hits="0" branch="false"/>
            <line number="68" hits="0" branch="false"/>
            <line number="69" hits="0" branch="false"/>
            <line number="70" hits="0" branch="false"/>
            <line number="71" hits="0" branch="false"/>
            <line number="72" hits="0" branch="false"/>
            <line number="73" hits="0" branch="false"/>
            <line number="74" hits="0" branch="false"/>
            <line number="75" hits="0" branch="false"/>
            <line number="76" hits="0" branch="false"/>
            <line number="77" hits="0" branch="false"/>
            <line number="78" hits="0" branch="false"/>
            <line number="79" hits="0" branch="false"/>
            <line number="80" hits="0" branch="false"/>
            <line number="81" hits="0" branch="false"/>
            <line number="98" hits="0" branch="false"/>
            <line number="99" hits="0" branch="false"/>
            <line number="100" hits="0" branch="false"/>
            <line number="104" hits="0" branch="false"/>
            <line number="105" hits="0" branch="false"/>
            <line number="106" hits="0" branch="false"/>
            <line number="108" hits="0" branch="false"/>
            <line number="109" hits="0" branch="false"/>
            <line number="113" hits="0" branch="false"/>
            <line number="114" hits="0" branch="false"/>
            <line number="115" hits="0" branch="false"/>
            <line number="132" hits="0" branch="false"/>
            <line number="133" hits="0" branch="false"/>
            <line number="134" hits="0" branch="false"/>
            <line number="135" hits="0" branch="false"/>
            <line number="137" hits="0" branch="false"/>
            <line number="140" hits="0" branch="false"/>
            <line number="141" hits="0" branch="false"/>
            <line number="142" hits="0" branch="false"/>
            <line number="144" hits="0" branch="false"/>
            <line number="148" hits="0" branch="false"/>
            <line number="149" hits="0" branch="false"/>
            <line number="150" hits="0" branch="false"/>
            <line number="152" hits="0" branch="false"/>
            <line number="153" hits="0" branch="false"/>
            <line number="154" hits="0" branch="false"/>
            <line number="155" hits="0" branch="false"/>
            <line number="156" hits="0" branch="false"/>
            <line number="157" hits="0" branch="false"/>
            <line number="158" hits="0" branch="false"/>
            <line number="159" hits="0" branch="false"/>
            <line number="160" hits="0" branch="false"/>
            <line number="161" hits="0" branch="false"/>
            <line number="162" hits="0" branch="false"/>
            <line number="164" hits="0" branch="false"/>
            <line number="165" hits="0" branch="false"/>
            <line number="166" hits="0" branch="false"/>
            <line number="167" hits="0" branch="false"/>
            <line number="168" hits="0" branch="false"/>
            <line number="169" hits="0" branch="false"/>
            <line number="170" hits="0" branch="false"/>
            <line number="171" hits="0" branch="false"/>
            <line number="172" hits="0" branch="false"/>
            <line number="173" hits="0" branch="false"/>
            <line number="174" hits="0" branch="false"/>
          </lines>
        </class>
      </classes>
    </package>
  </packages>
</coverage>
