<?xml version="1.0" encoding="UTF-8"?>
<coverage line-rate="0.331081081081081" branch-rate="0" lines-covered="49" lines-valid="148" branches-covered="0" branches-valid="0" complexity="0" version="3.6.1" timestamp="2023-02-13 11:29:07">
  <sources/>
  <packages>
    <package name="autoquarto" line-rate="0.331081081081081" branch-rate="0" complexity="0">
      <classes>
        <class name="quartoobject-class.R" filename="R/quartoobject-class.R" line-rate="0.666666666666667" branch-rate="0" complexity="0">
          <methods>
            <method name="QuartoObject" signature="" line-rate="0.330508474576271" branch-rate="0">
              <lines>
                <line number="33" hits="0" branch="false"/>
                <line number="40" hits="19" branch="false"/>
                <line number="41" hits="19" branch="false"/>
                <line number="42" hits="19" branch="false"/>
                <line number="43" hits="19" branch="false"/>
                <line number="44" hits="19" branch="false"/>
                <line number="25" hits="8" branch="false"/>
                <line number="26" hits="7" branch="false"/>
                <line number="27" hits="6" branch="false"/>
                <line number="28" hits="1" branch="false"/>
                <line number="30" hits="5" branch="false"/>
                <line number="31" hits="2" branch="false"/>
                <line number="33" hits="3" branch="false"/>
                <line number="35" hits="3" branch="false"/>
                <line number="36" hits="3" branch="false"/>
                <line number="66" hits="1" branch="false"/>
                <line number="67" hits="6" branch="false"/>
                <line number="68" hits="5" branch="false"/>
                <line number="69" hits="4" branch="false"/>
                <line number="70" hits="1" branch="false"/>
                <line number="72" hits="3" branch="false"/>
                <line number="73" hits="1" branch="false"/>
                <line number="77" hits="5" branch="false"/>
                <line number="78" hits="1" branch="false"/>
                <line number="79" hits="0" branch="false"/>
                <line number="81" hits="4" branch="false"/>
                <line number="115" hits="0" branch="false"/>
                <line number="116" hits="0" branch="false"/>
                <line number="117" hits="0" branch="false"/>
                <line number="119" hits="0" branch="false"/>
                <line number="121" hits="0" branch="false"/>
                <line number="122" hits="0" branch="false"/>
                <line number="204" hits="12" branch="false"/>
                <line number="205" hits="11" branch="false"/>
                <line number="206" hits="10" branch="false"/>
                <line number="207" hits="10" branch="false"/>
                <line number="208" hits="9" branch="false"/>
                <line number="209" hits="8" branch="false"/>
                <line number="211" hits="8" branch="false"/>
                <line number="212" hits="6" branch="false"/>
                <line number="213" hits="13" branch="false"/>
                <line number="214" hits="6" branch="false"/>
                <line number="215" hits="7" branch="false"/>
                <line number="219" hits="2" branch="false"/>
                <line number="221" hits="0" branch="false"/>
                <line number="222" hits="8" branch="false"/>
                <line number="223" hits="8" branch="false"/>
                <line number="225" hits="7" branch="false"/>
                <line number="259" hits="0" branch="false"/>
                <line number="261" hits="0" branch="false"/>
                <line number="262" hits="0" branch="false"/>
                <line number="263" hits="0" branch="false"/>
                <line number="265" hits="0" branch="false"/>
                <line number="266" hits="0" branch="false"/>
                <line number="268" hits="0" branch="false"/>
                <line number="269" hits="0" branch="false"/>
                <line number="270" hits="0" branch="false"/>
                <line number="271" hits="0" branch="false"/>
                <line number="272" hits="0" branch="false"/>
                <line number="273" hits="0" branch="false"/>
                <line number="274" hits="0" branch="false"/>
                <line number="275" hits="0" branch="false"/>
                <line number="276" hits="0" branch="false"/>
                <line number="277" hits="0" branch="false"/>
                <line number="278" hits="0" branch="false"/>
                <line number="280" hits="0" branch="false"/>
                <line number="281" hits="0" branch="false"/>
                <line number="282" hits="0" branch="false"/>
                <line number="285" hits="0" branch="false"/>
                <line number="286" hits="0" branch="false"/>
                <line number="287" hits="0" branch="false"/>
                <line number="288" hits="0" branch="false"/>
                <line number="291" hits="0" branch="false"/>
                <line number="292" hits="0" branch="false"/>
                <line number="293" hits="0" branch="false"/>
                <line number="294" hits="0" branch="false"/>
                <line number="295" hits="0" branch="false"/>
                <line number="297" hits="0" branch="false"/>
                <line number="298" hits="0" branch="false"/>
                <line number="299" hits="0" branch="false"/>
                <line number="300" hits="0" branch="false"/>
                <line number="302" hits="0" branch="false"/>
                <line number="303" hits="0" branch="false"/>
                <line number="304" hits="0" branch="false"/>
                <line number="305" hits="0" branch="false"/>
                <line number="306" hits="0" branch="false"/>
                <line number="307" hits="0" branch="false"/>
                <line number="308" hits="0" branch="false"/>
                <line number="309" hits="0" branch="false"/>
                <line number="310" hits="0" branch="false"/>
                <line number="311" hits="0" branch="false"/>
                <line number="312" hits="0" branch="false"/>
                <line number="313" hits="0" branch="false"/>
                <line number="314" hits="0" branch="false"/>
                <line number="315" hits="0" branch="false"/>
                <line number="316" hits="0" branch="false"/>
                <line number="317" hits="0" branch="false"/>
                <line number="318" hits="0" branch="false"/>
                <line number="319" hits="0" branch="false"/>
                <line number="320" hits="0" branch="false"/>
                <line number="321" hits="0" branch="false"/>
                <line number="322" hits="0" branch="false"/>
                <line number="323" hits="0" branch="false"/>
                <line number="324" hits="0" branch="false"/>
                <line number="325" hits="0" branch="false"/>
                <line number="352" hits="0" branch="false"/>
                <line number="353" hits="0" branch="false"/>
                <line number="354" hits="0" branch="false"/>
                <line number="355" hits="0" branch="false"/>
                <line number="356" hits="0" branch="false"/>
                <line number="357" hits="0" branch="false"/>
                <line number="358" hits="0" branch="false"/>
                <line number="359" hits="0" branch="false"/>
                <line number="360" hits="0" branch="false"/>
                <line number="361" hits="0" branch="false"/>
                <line number="362" hits="0" branch="false"/>
                <line number="363" hits="0" branch="false"/>
                <line number="367" hits="0" branch="false"/>
              </lines>
            </method>
            <method name="QuartoBook" signature="" line-rate="0" branch-rate="0">
              <lines>
                <line number="64" hits="0" branch="false"/>
                <line number="71" hits="0" branch="false"/>
                <line number="72" hits="0" branch="false"/>
                <line number="73" hits="0" branch="false"/>
                <line number="74" hits="0" branch="false"/>
              </lines>
            </method>
            <method name="QuartoWebsite" signature="" line-rate="0.388888888888889" branch-rate="0">
              <lines>
                <line number="111" hits="19" branch="false"/>
                <line number="118" hits="19" branch="false"/>
                <line number="119" hits="19" branch="false"/>
                <line number="120" hits="19" branch="false"/>
                <line number="121" hits="19" branch="false"/>
                <line number="122" hits="19" branch="false"/>
                <line number="123" hits="19" branch="false"/>
                <line number="151" hits="0" branch="false"/>
                <line number="152" hits="0" branch="false"/>
                <line number="153" hits="0" branch="false"/>
                <line number="154" hits="0" branch="false"/>
                <line number="155" hits="0" branch="false"/>
                <line number="157" hits="0" branch="false"/>
                <line number="158" hits="0" branch="false"/>
                <line number="162" hits="0" branch="false"/>
                <line number="163" hits="0" branch="false"/>
                <line number="164" hits="0" branch="false"/>
                <line number="166" hits="0" branch="false"/>
              </lines>
            </method>
          </methods>
          <lines>
            <line number="33" hits="0" branch="false"/>
            <line number="40" hits="19" branch="false"/>
            <line number="41" hits="19" branch="false"/>
            <line number="42" hits="19" branch="false"/>
            <line number="43" hits="19" branch="false"/>
            <line number="44" hits="19" branch="false"/>
            <line number="64" hits="0" branch="false"/>
            <line number="71" hits="0" branch="false"/>
            <line number="72" hits="0" branch="false"/>
            <line number="73" hits="0" branch="false"/>
            <line number="74" hits="0" branch="false"/>
            <line number="111" hits="19" branch="false"/>
            <line number="118" hits="19" branch="false"/>
            <line number="119" hits="19" branch="false"/>
            <line number="120" hits="19" branch="false"/>
            <line number="121" hits="19" branch="false"/>
            <line number="122" hits="19" branch="false"/>
            <line number="123" hits="19" branch="false"/>
          </lines>
        </class>
        <class name="quartoobject-methods.R" filename="R/quartoobject-methods.R" line-rate="0.284615384615385" branch-rate="0" complexity="0">
          <methods>
            <method name="addTemplatePath" signature="" line-rate="1" branch-rate="0">
              <lines>
                <line number="13" hits="8" branch="false"/>
              </lines>
            </method>
            <method name="QuartoObject" signature="" line-rate="0.330508474576271" branch-rate="0">
              <lines>
                <line number="33" hits="0" branch="false"/>
                <line number="40" hits="19" branch="false"/>
                <line number="41" hits="19" branch="false"/>
                <line number="42" hits="19" branch="false"/>
                <line number="43" hits="19" branch="false"/>
                <line number="44" hits="19" branch="false"/>
                <line number="25" hits="8" branch="false"/>
                <line number="26" hits="7" branch="false"/>
                <line number="27" hits="6" branch="false"/>
                <line number="28" hits="1" branch="false"/>
                <line number="30" hits="5" branch="false"/>
                <line number="31" hits="2" branch="false"/>
                <line number="33" hits="3" branch="false"/>
                <line number="35" hits="3" branch="false"/>
                <line number="36" hits="3" branch="false"/>
                <line number="66" hits="1" branch="false"/>
                <line number="67" hits="6" branch="false"/>
                <line number="68" hits="5" branch="false"/>
                <line number="69" hits="4" branch="false"/>
                <line number="70" hits="1" branch="false"/>
                <line number="72" hits="3" branch="false"/>
                <line number="73" hits="1" branch="false"/>
                <line number="77" hits="5" branch="false"/>
                <line number="78" hits="1" branch="false"/>
                <line number="79" hits="0" branch="false"/>
                <line number="81" hits="4" branch="false"/>
                <line number="115" hits="0" branch="false"/>
                <line number="116" hits="0" branch="false"/>
                <line number="117" hits="0" branch="false"/>
                <line number="119" hits="0" branch="false"/>
                <line number="121" hits="0" branch="false"/>
                <line number="122" hits="0" branch="false"/>
                <line number="204" hits="12" branch="false"/>
                <line number="205" hits="11" branch="false"/>
                <line number="206" hits="10" branch="false"/>
                <line number="207" hits="10" branch="false"/>
                <line number="208" hits="9" branch="false"/>
                <line number="209" hits="8" branch="false"/>
                <line number="211" hits="8" branch="false"/>
                <line number="212" hits="6" branch="false"/>
                <line number="213" hits="13" branch="false"/>
                <line number="214" hits="6" branch="false"/>
                <line number="215" hits="7" branch="false"/>
                <line number="219" hits="2" branch="false"/>
                <line number="221" hits="0" branch="false"/>
                <line number="222" hits="8" branch="false"/>
                <line number="223" hits="8" branch="false"/>
                <line number="225" hits="7" branch="false"/>
                <line number="259" hits="0" branch="false"/>
                <line number="261" hits="0" branch="false"/>
                <line number="262" hits="0" branch="false"/>
                <line number="263" hits="0" branch="false"/>
                <line number="265" hits="0" branch="false"/>
                <line number="266" hits="0" branch="false"/>
                <line number="268" hits="0" branch="false"/>
                <line number="269" hits="0" branch="false"/>
                <line number="270" hits="0" branch="false"/>
                <line number="271" hits="0" branch="false"/>
                <line number="272" hits="0" branch="false"/>
                <line number="273" hits="0" branch="false"/>
                <line number="274" hits="0" branch="false"/>
                <line number="275" hits="0" branch="false"/>
                <line number="276" hits="0" branch="false"/>
                <line number="277" hits="0" branch="false"/>
                <line number="278" hits="0" branch="false"/>
                <line number="280" hits="0" branch="false"/>
                <line number="281" hits="0" branch="false"/>
                <line number="282" hits="0" branch="false"/>
                <line number="285" hits="0" branch="false"/>
                <line number="286" hits="0" branch="false"/>
                <line number="287" hits="0" branch="false"/>
                <line number="288" hits="0" branch="false"/>
                <line number="291" hits="0" branch="false"/>
                <line number="292" hits="0" branch="false"/>
                <line number="293" hits="0" branch="false"/>
                <line number="294" hits="0" branch="false"/>
                <line number="295" hits="0" branch="false"/>
                <line number="297" hits="0" branch="false"/>
                <line number="298" hits="0" branch="false"/>
                <line number="299" hits="0" branch="false"/>
                <line number="300" hits="0" branch="false"/>
                <line number="302" hits="0" branch="false"/>
                <line number="303" hits="0" branch="false"/>
                <line number="304" hits="0" branch="false"/>
                <line number="305" hits="0" branch="false"/>
                <line number="306" hits="0" branch="false"/>
                <line number="307" hits="0" branch="false"/>
                <line number="308" hits="0" branch="false"/>
                <line number="309" hits="0" branch="false"/>
                <line number="310" hits="0" branch="false"/>
                <line number="311" hits="0" branch="false"/>
                <line number="312" hits="0" branch="false"/>
                <line number="313" hits="0" branch="false"/>
                <line number="314" hits="0" branch="false"/>
                <line number="315" hits="0" branch="false"/>
                <line number="316" hits="0" branch="false"/>
                <line number="317" hits="0" branch="false"/>
                <line number="318" hits="0" branch="false"/>
                <line number="319" hits="0" branch="false"/>
                <line number="320" hits="0" branch="false"/>
                <line number="321" hits="0" branch="false"/>
                <line number="322" hits="0" branch="false"/>
                <line number="323" hits="0" branch="false"/>
                <line number="324" hits="0" branch="false"/>
                <line number="325" hits="0" branch="false"/>
                <line number="352" hits="0" branch="false"/>
                <line number="353" hits="0" branch="false"/>
                <line number="354" hits="0" branch="false"/>
                <line number="355" hits="0" branch="false"/>
                <line number="356" hits="0" branch="false"/>
                <line number="357" hits="0" branch="false"/>
                <line number="358" hits="0" branch="false"/>
                <line number="359" hits="0" branch="false"/>
                <line number="360" hits="0" branch="false"/>
                <line number="361" hits="0" branch="false"/>
                <line number="362" hits="0" branch="false"/>
                <line number="363" hits="0" branch="false"/>
                <line number="367" hits="0" branch="false"/>
              </lines>
            </method>
            <method name="removeTemplatePath" signature="" line-rate="1" branch-rate="0">
              <lines>
                <line number="54" hits="7" branch="false"/>
              </lines>
            </method>
            <method name="addChapter" signature="" line-rate="0" branch-rate="0">
              <lines>
                <line number="103" hits="0" branch="false"/>
              </lines>
            </method>
            <method name="removeChapter" signature="" line-rate="0" branch-rate="0">
              <lines>
                <line number="139" hits="0" branch="false"/>
              </lines>
            </method>
            <method name="QuartoWebsite" signature="" line-rate="0.388888888888889" branch-rate="0">
              <lines>
                <line number="111" hits="19" branch="false"/>
                <line number="118" hits="19" branch="false"/>
                <line number="119" hits="19" branch="false"/>
                <line number="120" hits="19" branch="false"/>
                <line number="121" hits="19" branch="false"/>
                <line number="122" hits="19" branch="false"/>
                <line number="123" hits="19" branch="false"/>
                <line number="151" hits="0" branch="false"/>
                <line number="152" hits="0" branch="false"/>
                <line number="153" hits="0" branch="false"/>
                <line number="154" hits="0" branch="false"/>
                <line number="155" hits="0" branch="false"/>
                <line number="157" hits="0" branch="false"/>
                <line number="158" hits="0" branch="false"/>
                <line number="162" hits="0" branch="false"/>
                <line number="163" hits="0" branch="false"/>
                <line number="164" hits="0" branch="false"/>
                <line number="166" hits="0" branch="false"/>
              </lines>
            </method>
            <method name="locateTemplate" signature="" line-rate="1" branch-rate="0">
              <lines>
                <line number="187" hits="12" branch="false"/>
              </lines>
            </method>
            <method name="publish" signature="" line-rate="0" branch-rate="0">
              <lines>
                <line number="240" hits="0" branch="false"/>
              </lines>
            </method>
            <method name="quartoYML" signature="" line-rate="0" branch-rate="0">
              <lines>
                <line number="340" hits="0" branch="false"/>
              </lines>
            </method>
          </methods>
          <lines>
            <line number="13" hits="8" branch="false"/>
            <line number="25" hits="8" branch="false"/>
            <line number="26" hits="7" branch="false"/>
            <line number="27" hits="6" branch="false"/>
            <line number="28" hits="1" branch="false"/>
            <line number="30" hits="5" branch="false"/>
            <line number="31" hits="2" branch="false"/>
            <line number="33" hits="3" branch="false"/>
            <line number="35" hits="3" branch="false"/>
            <line number="36" hits="3" branch="false"/>
            <line number="54" hits="7" branch="false"/>
            <line number="66" hits="1" branch="false"/>
            <line number="67" hits="6" branch="false"/>
            <line number="68" hits="5" branch="false"/>
            <line number="69" hits="4" branch="false"/>
            <line number="70" hits="1" branch="false"/>
            <line number="72" hits="3" branch="false"/>
            <line number="73" hits="1" branch="false"/>
            <line number="77" hits="5" branch="false"/>
            <line number="78" hits="1" branch="false"/>
            <line number="79" hits="0" branch="false"/>
            <line number="81" hits="4" branch="false"/>
            <line number="103" hits="0" branch="false"/>
            <line number="115" hits="0" branch="false"/>
            <line number="116" hits="0" branch="false"/>
            <line number="117" hits="0" branch="false"/>
            <line number="119" hits="0" branch="false"/>
            <line number="121" hits="0" branch="false"/>
            <line number="122" hits="0" branch="false"/>
            <line number="139" hits="0" branch="false"/>
            <line number="151" hits="0" branch="false"/>
            <line number="152" hits="0" branch="false"/>
            <line number="153" hits="0" branch="false"/>
            <line number="154" hits="0" branch="false"/>
            <line number="155" hits="0" branch="false"/>
            <line number="157" hits="0" branch="false"/>
            <line number="158" hits="0" branch="false"/>
            <line number="162" hits="0" branch="false"/>
            <line number="163" hits="0" branch="false"/>
            <line number="164" hits="0" branch="false"/>
            <line number="166" hits="0" branch="false"/>
            <line number="187" hits="12" branch="false"/>
            <line number="204" hits="12" branch="false"/>
            <line number="205" hits="11" branch="false"/>
            <line number="206" hits="10" branch="false"/>
            <line number="207" hits="10" branch="false"/>
            <line number="208" hits="9" branch="false"/>
            <line number="209" hits="8" branch="false"/>
            <line number="211" hits="8" branch="false"/>
            <line number="212" hits="6" branch="false"/>
            <line number="213" hits="13" branch="false"/>
            <line number="214" hits="6" branch="false"/>
            <line number="215" hits="7" branch="false"/>
            <line number="219" hits="2" branch="false"/>
            <line number="221" hits="0" branch="false"/>
            <line number="222" hits="8" branch="false"/>
            <line number="223" hits="8" branch="false"/>
            <line number="225" hits="7" branch="false"/>
            <line number="240" hits="0" branch="false"/>
            <line number="259" hits="0" branch="false"/>
            <line number="261" hits="0" branch="false"/>
            <line number="262" hits="0" branch="false"/>
            <line number="263" hits="0" branch="false"/>
            <line number="265" hits="0" branch="false"/>
            <line number="266" hits="0" branch="false"/>
            <line number="268" hits="0" branch="false"/>
            <line number="269" hits="0" branch="false"/>
            <line number="270" hits="0" branch="false"/>
            <line number="271" hits="0" branch="false"/>
            <line number="272" hits="0" branch="false"/>
            <line number="273" hits="0" branch="false"/>
            <line number="274" hits="0" branch="false"/>
            <line number="275" hits="0" branch="false"/>
            <line number="276" hits="0" branch="false"/>
            <line number="277" hits="0" branch="false"/>
            <line number="278" hits="0" branch="false"/>
            <line number="280" hits="0" branch="false"/>
            <line number="281" hits="0" branch="false"/>
            <line number="282" hits="0" branch="false"/>
            <line number="285" hits="0" branch="false"/>
            <line number="286" hits="0" branch="false"/>
            <line number="287" hits="0" branch="false"/>
            <line number="288" hits="0" branch="false"/>
            <line number="291" hits="0" branch="false"/>
            <line number="292" hits="0" branch="false"/>
            <line number="293" hits="0" branch="false"/>
            <line number="294" hits="0" branch="false"/>
            <line number="295" hits="0" branch="false"/>
            <line number="297" hits="0" branch="false"/>
            <line number="298" hits="0" branch="false"/>
            <line number="299" hits="0" branch="false"/>
            <line number="300" hits="0" branch="false"/>
            <line number="302" hits="0" branch="false"/>
            <line number="303" hits="0" branch="false"/>
            <line number="304" hits="0" branch="false"/>
            <line number="305" hits="0" branch="false"/>
            <line number="306" hits="0" branch="false"/>
            <line number="307" hits="0" branch="false"/>
            <line number="308" hits="0" branch="false"/>
            <line number="309" hits="0" branch="false"/>
            <line number="310" hits="0" branch="false"/>
            <line number="311" hits="0" branch="false"/>
            <line number="312" hits="0" branch="false"/>
            <line number="313" hits="0" branch="false"/>
            <line number="314" hits="0" branch="false"/>
            <line number="315" hits="0" branch="false"/>
            <line number="316" hits="0" branch="false"/>
            <line number="317" hits="0" branch="false"/>
            <line number="318" hits="0" branch="false"/>
            <line number="319" hits="0" branch="false"/>
            <line number="320" hits="0" branch="false"/>
            <line number="321" hits="0" branch="false"/>
            <line number="322" hits="0" branch="false"/>
            <line number="323" hits="0" branch="false"/>
            <line number="324" hits="0" branch="false"/>
            <line number="325" hits="0" branch="false"/>
            <line number="340" hits="0" branch="false"/>
            <line number="352" hits="0" branch="false"/>
            <line number="353" hits="0" branch="false"/>
            <line number="354" hits="0" branch="false"/>
            <line number="355" hits="0" branch="false"/>
            <line number="356" hits="0" branch="false"/>
            <line number="357" hits="0" branch="false"/>
            <line number="358" hits="0" branch="false"/>
            <line number="359" hits="0" branch="false"/>
            <line number="360" hits="0" branch="false"/>
            <line number="361" hits="0" branch="false"/>
            <line number="362" hits="0" branch="false"/>
            <line number="363" hits="0" branch="false"/>
            <line number="367" hits="0" branch="false"/>
          </lines>
        </class>
      </classes>
    </package>
  </packages>
</coverage>
